<?xml version="1.0" encoding="UTF-8"?>
<!-- Generated by org.testng.reporters.JUnitReportReporter -->
<testsuite hostname="trisys-HP-EliteBook-840-G3" failures="0" tests="1" name="Testing" time="2.534" errors="0" timestamp="2023-06-16T11:02:22 IST" skipped="0">
  <testcase classname="Testing" name="test" time="2.534"/>
  <system-out/>
</testsuite> <!-- Testing -->
