<?xml version="1.0" encoding="UTF-8"?>
<!-- Generated by org.testng.reporters.JUnitReportReporter -->
<testsuite hostname="trisys-HP-EliteBook-840-G3" failures="0" tests="2" name="Simple" time="0.016" errors="0" timestamp="2023-06-14T23:03:51 IST" skipped="0">
  <testcase classname="Simple" name="streamCollect" time="0.011"/>
  <system-out/>
  <testcase classname="Simple" name="streams" time="0.005"/>
  <system-out/>
</testsuite> <!-- Simple -->
