<?xml version="1.0" encoding="UTF-8"?>
<!-- Generated by org.testng.reporters.JUnitReportReporter -->
<testsuite hostname="trisys-HP-EliteBook-840-G3" failures="0" tests="2" name="Sample" time="0.027" errors="0" timestamp="2023-06-12T22:25:52 IST" skipped="0">
  <testcase classname="Sample" name="streamMap" time="0.022"/>
  <system-out/>
  <testcase classname="Sample" name="streams" time="0.005"/>
  <system-out/>
</testsuite> <!-- Sample -->
