<?xml version="1.0" encoding="UTF-8"?>
<!-- Generated by org.testng.reporters.JUnitReportReporter -->
<testsuite hostname="trisys-HP-EliteBook-840-G3" failures="0" tests="1" name="StreamSorting" time="2.707" errors="0" timestamp="2023-06-15T12:54:09 IST" skipped="0">
  <testcase classname="StreamSorting" name="streamSort" time="2.707"/>
  <system-out/>
</testsuite> <!-- StreamSorting -->
